<?xml version="1.0" encoding="UTF-8"?>
<coverage generated="1715695444530" clover="3.2.0">
  <project timestamp="1715695444530" name="All files">
    <metrics statements="5" coveredstatements="1" conditionals="2" coveredconditionals="0" methods="1" coveredmethods="0" elements="8" coveredelements="1" complexity="0" loc="5" ncloc="5" packages="1" files="1" classes="1"/>
    <file name="reservations.js" path="/Users/taranis/Developer/Courses/M1/2.testing/1.td/src/reservations.js">
      <metrics statements="5" coveredstatements="1" conditionals="2" coveredconditionals="0" methods="1" coveredmethods="0"/>
      <line num="2" count="0" type="stmt"/>
      <line num="3" count="0" type="cond" truecount="0" falsecount="2"/>
      <line num="4" count="0" type="stmt"/>
      <line num="7" count="0" type="stmt"/>
      <line num="10" count="1" type="stmt"/>
    </file>
  </project>
</coverage>
