TN:
SF:src/booking.js
FN:1,getBookedList
FN:3,(anonymous_1)
FNF:2
FNH:2
FNDA:1,getBookedList
FNDA:3,(anonymous_1)
DA:2,1
DA:3,1
DA:4,3
DA:5,1
DA:7,3
DA:10,1
DA:11,0
DA:13,1
DA:17,1
LF:9
LH:8
BRDA:4,0,0,1
BRDA:4,0,1,2
BRDA:10,1,0,0
BRDA:10,1,1,1
BRF:4
BRH:3
end_of_record
TN:
SF:src/hotels.js
FN:4,getHotelList
FN:12,(anonymous_1)
FNF:2
FNH:1
FNDA:1,getHotelList
FNDA:0,(anonymous_1)
DA:1,1
DA:2,1
DA:5,1
DA:6,0
DA:9,1
DA:12,1
DA:13,0
DA:14,0
DA:15,0
DA:17,0
DA:21,1
LF:11
LH:6
BRDA:5,0,0,0
BRDA:5,0,1,1
BRF:2
BRH:1
end_of_record
TN:
SF:src/pictures.js
FN:1,getHotelPictures
FNF:1
FNH:1
FNDA:1,getHotelPictures
DA:2,1
DA:3,1
DA:6,1
LF:3
LH:3
BRF:0
BRH:0
end_of_record
TN:
SF:src/reservations.js
FN:1,getBookingList
FNF:1
FNH:1
FNDA:1,getBookingList
DA:2,1
DA:3,1
DA:4,0
DA:7,1
DA:10,1
LF:5
LH:4
BRDA:3,0,0,0
BRDA:3,0,1,1
BRF:2
BRH:1
end_of_record
